Determining if the pthread_create exist failed with the following output:
Change Dir: /home/IN/xiwo8493/Documents/vivi/ExSciVis2018-master/duild/CMakeFiles/CMakeTmp

Run Build Command:"/usr/bin/make" "cmTC_da5f1/fast"
/usr/bin/make -f CMakeFiles/cmTC_da5f1.dir/build.make CMakeFiles/cmTC_da5f1.dir/build
make[1]: Entering directory '/home/IN/xiwo8493/Documents/vivi/ExSciVis2018-master/duild/CMakeFiles/CMakeTmp'
Building C object CMakeFiles/cmTC_da5f1.dir/CheckSymbolExists.c.o
/usr/bin/cc    -o CMakeFiles/cmTC_da5f1.dir/CheckSymbolExists.c.o   -c /home/IN/xiwo8493/Documents/vivi/ExSciVis2018-master/duild/CMakeFiles/CMakeTmp/CheckSymbolExists.c
Linking C executable cmTC_da5f1
/usr/bin/cmake -E cmake_link_script CMakeFiles/cmTC_da5f1.dir/link.txt --verbose=1
/usr/bin/cc      -rdynamic CMakeFiles/cmTC_da5f1.dir/CheckSymbolExists.c.o  -o cmTC_da5f1 
CMakeFiles/cmTC_da5f1.dir/CheckSymbolExists.c.o: In function `main':
CheckSymbolExists.c:(.text+0x1b): undefined reference to `pthread_create'
collect2: error: ld returned 1 exit status
make[1]: *** [CMakeFiles/cmTC_da5f1.dir/build.make:98: cmTC_da5f1] Error 1
make[1]: Leaving directory '/home/IN/xiwo8493/Documents/vivi/ExSciVis2018-master/duild/CMakeFiles/CMakeTmp'
make: *** [Makefile:126: cmTC_da5f1/fast] Error 2

File /home/IN/xiwo8493/Documents/vivi/ExSciVis2018-master/duild/CMakeFiles/CMakeTmp/CheckSymbolExists.c:
/* */
#include <pthread.h>

int main(int argc, char** argv)
{
  (void)argv;
#ifndef pthread_create
  return ((int*)(&pthread_create))[argc];
#else
  (void)argc;
  return 0;
#endif
}

Determining if the function glXGetProcAddressEXT exists failed with the following output:
Change Dir: /home/IN/xiwo8493/Documents/vivi/ExSciVis2018-master/duild/CMakeFiles/CMakeTmp

Run Build Command:"/usr/bin/make" "cmTC_429cd/fast"
/usr/bin/make -f CMakeFiles/cmTC_429cd.dir/build.make CMakeFiles/cmTC_429cd.dir/build
make[1]: Entering directory '/home/IN/xiwo8493/Documents/vivi/ExSciVis2018-master/duild/CMakeFiles/CMakeTmp'
Building C object CMakeFiles/cmTC_429cd.dir/CheckFunctionExists.c.o
/usr/bin/cc   -DCHECK_FUNCTION_EXISTS=glXGetProcAddressEXT   -o CMakeFiles/cmTC_429cd.dir/CheckFunctionExists.c.o   -c /usr/share/cmake-3.10/Modules/CheckFunctionExists.c
Linking C executable cmTC_429cd
/usr/bin/cmake -E cmake_link_script CMakeFiles/cmTC_429cd.dir/link.txt --verbose=1
/usr/bin/cc  -DCHECK_FUNCTION_EXISTS=glXGetProcAddressEXT    -rdynamic CMakeFiles/cmTC_429cd.dir/CheckFunctionExists.c.o  -o cmTC_429cd /usr/lib/libGL.so 
CMakeFiles/cmTC_429cd.dir/CheckFunctionExists.c.o: In function `main':
CheckFunctionExists.c:(.text+0x10): undefined reference to `glXGetProcAddressEXT'
collect2: error: ld returned 1 exit status
make[1]: *** [CMakeFiles/cmTC_429cd.dir/build.make:99: cmTC_429cd] Error 1
make[1]: Leaving directory '/home/IN/xiwo8493/Documents/vivi/ExSciVis2018-master/duild/CMakeFiles/CMakeTmp'
make: *** [Makefile:126: cmTC_429cd/fast] Error 2


